+---------------------------------------------------------------+
| Configuration listing for board 1  channel 0                  |
+---------------------------------------------------------------+
| COMPANY = Molex
| DATE    = Thursday, May 26, 2016 At 09:32
| VERSION = 3.0.0
| CONFIGURATION NAME = 20160525_DALIANGEER
| BOARD LOCATION = LAN TCP/IP
+---------------------------------------------------------------+
-----------------------------------------------------------------
Master configuration
-----------------------------------------------------------------
  
  >> General Configuration :
     Baud Rate                          = 1.5                      Mbits/s   
     TS : Profibus Address of this Stati= 5                                  
-----------------------------------------------------------------
Device  000
-----------------------------------------------------------------
  Local DP Slave
  
  >> applicom information :
     Applicom Number                    = 000                                
     Active Configuration               = Active Equipment                   
     Equipment Name                     = TOPIC1_A                           
     Comment                            =                                    
  
  >> Network Configuration :
     Number of input bytes              = 24                                 
     Number of output bytes             = 24                                 
     Data Format                        = Big Endian (Motorola)              
